2019-02-12 00:06:43.712 DEBUG 12436 --- [http-nio-9092-exec-10] o.s.web.servlet.DispatcherServlet        : GET "/", parameters={}
2019-02-12 00:06:43.764 DEBUG 12436 --- [http-nio-9092-exec-10] s.w.s.m.m.a.RequestMappingHandlerMapping : Mapped to public java.lang.String org.hack.surprise.com.main.controller.App.index()
2019-02-12 00:06:43.766 DEBUG 12436 --- [http-nio-9092-exec-10] o.s.w.s.v.ContentNegotiatingViewResolver : Selected 'text/html' given [text/html, application/xhtml+xml, image/webp, image/apng, application/xml;q=0.9, */*;q=0.8]
2019-02-12 00:06:43.766 DEBUG 12436 --- [http-nio-9092-exec-10] o.s.w.servlet.view.InternalResourceView  : View name 'index.html', model {}
2019-02-12 00:06:43.766 DEBUG 12436 --- [http-nio-9092-exec-10] o.s.w.servlet.view.InternalResourceView  : Forwarding to [index.html]
2019-02-12 00:06:43.767 DEBUG 12436 --- [http-nio-9092-exec-10] o.s.web.servlet.DispatcherServlet        : "FORWARD" dispatch for GET "/index.html", parameters={}
2019-02-12 00:06:43.768 DEBUG 12436 --- [http-nio-9092-exec-10] o.s.w.s.handler.SimpleUrlHandlerMapping  : Mapped to ResourceHttpRequestHandler ["classpath:/META-INF/resources/", "classpath:/resources/", "classpath:/static/", "classpath:/public/", "/"]
2019-02-12 00:06:43.770 DEBUG 12436 --- [http-nio-9092-exec-10] o.s.web.servlet.DispatcherServlet        : Exiting from "FORWARD" dispatch, status 304
2019-02-12 00:06:43.771 DEBUG 12436 --- [http-nio-9092-exec-10] o.s.web.servlet.DispatcherServlet        : Completed 304 NOT_MODIFIED
2019-02-12 00:06:43.967 DEBUG 12436 --- [http-nio-9092-exec-4] o.s.web.servlet.DispatcherServlet        : GET "/css/card.css", parameters={}
2019-02-12 00:06:43.980 DEBUG 12436 --- [http-nio-9092-exec-4] o.s.w.s.handler.SimpleUrlHandlerMapping  : Mapped to ResourceHttpRequestHandler ["classpath:/META-INF/resources/", "classpath:/resources/", "classpath:/static/", "classpath:/public/", "/"]
2019-02-12 00:06:43.983 DEBUG 12436 --- [http-nio-9092-exec-4] o.s.web.servlet.DispatcherServlet        : Completed 304 NOT_MODIFIED
2019-02-12 00:06:43.967 DEBUG 12436 --- [http-nio-9092-exec-3] o.s.web.servlet.DispatcherServlet        : GET "/css/header_blue.css", parameters={}
2019-02-12 00:06:43.986 DEBUG 12436 --- [http-nio-9092-exec-3] o.s.w.s.handler.SimpleUrlHandlerMapping  : Mapped to ResourceHttpRequestHandler ["classpath:/META-INF/resources/", "classpath:/resources/", "classpath:/static/", "classpath:/public/", "/"]
2019-02-12 00:06:43.989 DEBUG 12436 --- [http-nio-9092-exec-3] o.s.web.servlet.DispatcherServlet        : Completed 304 NOT_MODIFIED
2019-02-12 00:06:44.006 DEBUG 12436 --- [http-nio-9092-exec-1] o.s.web.servlet.DispatcherServlet        : GET "/js/toggle.js", parameters={}
2019-02-12 00:06:44.007 DEBUG 12436 --- [http-nio-9092-exec-1] o.s.w.s.handler.SimpleUrlHandlerMapping  : Mapped to ResourceHttpRequestHandler ["classpath:/META-INF/resources/", "classpath:/resources/", "classpath:/static/", "classpath:/public/", "/"]
2019-02-12 00:06:44.010 DEBUG 12436 --- [http-nio-9092-exec-1] o.s.web.servlet.DispatcherServlet        : Completed 304 NOT_MODIFIED
2019-02-12 00:06:44.535 DEBUG 12436 --- [http-nio-9092-exec-5] o.s.web.servlet.DispatcherServlet        : GET "/app/home/home.html", parameters={}
2019-02-12 00:06:44.537 DEBUG 12436 --- [http-nio-9092-exec-5] o.s.w.s.handler.SimpleUrlHandlerMapping  : Mapped to ResourceHttpRequestHandler ["classpath:/META-INF/resources/", "classpath:/resources/", "classpath:/static/", "classpath:/public/", "/"]
2019-02-12 00:06:44.542 DEBUG 12436 --- [http-nio-9092-exec-5] o.s.web.servlet.DispatcherServlet        : Completed 200 OK
2019-02-12 00:06:44.684 DEBUG 12436 --- [http-nio-9092-exec-2] o.s.web.servlet.DispatcherServlet        : GET "/images/image.PNG", parameters={}
2019-02-12 00:06:44.690 DEBUG 12436 --- [http-nio-9092-exec-2] o.s.w.s.handler.SimpleUrlHandlerMapping  : Mapped to ResourceHttpRequestHandler ["classpath:/META-INF/resources/", "classpath:/resources/", "classpath:/static/", "classpath:/public/", "/"]
2019-02-12 00:06:44.905 DEBUG 12436 --- [http-nio-9092-exec-2] o.s.web.servlet.DispatcherServlet        : Completed 200 OK
2019-02-12 00:08:49.418 DEBUG 12436 --- [http-nio-9092-exec-8] o.s.web.servlet.DispatcherServlet        : GET "/", parameters={}
2019-02-12 00:08:49.420 DEBUG 12436 --- [http-nio-9092-exec-8] s.w.s.m.m.a.RequestMappingHandlerMapping : Mapped to public java.lang.String org.hack.surprise.com.main.controller.App.index()
2019-02-12 00:08:49.422 DEBUG 12436 --- [http-nio-9092-exec-8] o.s.w.s.v.ContentNegotiatingViewResolver : Selected 'text/html' given [text/html, application/xhtml+xml, image/webp, image/apng, application/xml;q=0.9, */*;q=0.8]
2019-02-12 00:08:49.422 DEBUG 12436 --- [http-nio-9092-exec-8] o.s.w.servlet.view.InternalResourceView  : View name 'index.html', model {}
2019-02-12 00:08:49.422 DEBUG 12436 --- [http-nio-9092-exec-8] o.s.w.servlet.view.InternalResourceView  : Forwarding to [index.html]
2019-02-12 00:08:49.423 DEBUG 12436 --- [http-nio-9092-exec-8] o.s.web.servlet.DispatcherServlet        : "FORWARD" dispatch for GET "/index.html", parameters={}
2019-02-12 00:08:49.424 DEBUG 12436 --- [http-nio-9092-exec-8] o.s.w.s.handler.SimpleUrlHandlerMapping  : Mapped to ResourceHttpRequestHandler ["classpath:/META-INF/resources/", "classpath:/resources/", "classpath:/static/", "classpath:/public/", "/"]
2019-02-12 00:08:49.427 DEBUG 12436 --- [http-nio-9092-exec-8] o.s.web.servlet.DispatcherServlet        : Exiting from "FORWARD" dispatch, status 304
2019-02-12 00:08:49.428 DEBUG 12436 --- [http-nio-9092-exec-8] o.s.web.servlet.DispatcherServlet        : Completed 304 NOT_MODIFIED
2019-02-12 00:08:49.512 DEBUG 12436 --- [http-nio-9092-exec-10] o.s.web.servlet.DispatcherServlet        : GET "/js/toggle.js", parameters={}
2019-02-12 00:08:49.513 DEBUG 12436 --- [http-nio-9092-exec-10] o.s.w.s.handler.SimpleUrlHandlerMapping  : Mapped to ResourceHttpRequestHandler ["classpath:/META-INF/resources/", "classpath:/resources/", "classpath:/static/", "classpath:/public/", "/"]
2019-02-12 00:08:49.516 DEBUG 12436 --- [http-nio-9092-exec-10] o.s.web.servlet.DispatcherServlet        : Completed 304 NOT_MODIFIED
2019-02-12 00:08:50.012 DEBUG 12436 --- [http-nio-9092-exec-4] o.s.web.servlet.DispatcherServlet        : GET "/app/home/home.html", parameters={}
2019-02-12 00:08:50.013 DEBUG 12436 --- [http-nio-9092-exec-4] o.s.w.s.handler.SimpleUrlHandlerMapping  : Mapped to ResourceHttpRequestHandler ["classpath:/META-INF/resources/", "classpath:/resources/", "classpath:/static/", "classpath:/public/", "/"]
2019-02-12 00:08:50.021 DEBUG 12436 --- [http-nio-9092-exec-4] o.s.web.servlet.DispatcherServlet        : Completed 200 OK
2019-02-12 00:08:50.077 DEBUG 12436 --- [http-nio-9092-exec-3] o.s.web.servlet.DispatcherServlet        : GET "/images/image.PNG", parameters={}
2019-02-12 00:08:50.079 DEBUG 12436 --- [http-nio-9092-exec-3] o.s.w.s.handler.SimpleUrlHandlerMapping  : Mapped to ResourceHttpRequestHandler ["classpath:/META-INF/resources/", "classpath:/resources/", "classpath:/static/", "classpath:/public/", "/"]
2019-02-12 00:08:50.082 DEBUG 12436 --- [http-nio-9092-exec-3] o.s.web.servlet.DispatcherServlet        : Completed 304 NOT_MODIFIED
2019-02-12 00:08:50.250 DEBUG 12436 --- [http-nio-9092-exec-1] o.s.web.servlet.DispatcherServlet        : GET "/favicon.ico", parameters={}
2019-02-12 00:08:50.250 DEBUG 12436 --- [http-nio-9092-exec-1] o.s.w.s.handler.SimpleUrlHandlerMapping  : Mapped to ResourceHttpRequestHandler [class path resource [META-INF/resources/], class path resource [resources/], class path resource [static/], class path resource [public/], ServletContext resource [/], class path resource []]
2019-02-12 00:08:50.260 DEBUG 12436 --- [http-nio-9092-exec-1] o.s.web.servlet.DispatcherServlet        : Completed 200 OK
2019-02-12 00:09:44.368 DEBUG 12436 --- [http-nio-9092-exec-2] o.s.web.servlet.DispatcherServlet        : GET "/", parameters={}
2019-02-12 00:09:44.369 DEBUG 12436 --- [http-nio-9092-exec-2] s.w.s.m.m.a.RequestMappingHandlerMapping : Mapped to public java.lang.String org.hack.surprise.com.main.contro